<?xml version="1.0" encoding="UTF-8"?>
<!-- Generated by org.testng.reporters.JUnitReportReporter -->
<testsuite skipped="0" hostname="DESKTOP-BRPS72H" name="Script.InvalidLogin" tests="1" failures="0" timestamp="28 Dec 2017 18:14:23 GMT" time="12.625" errors="0">
  <testcase name="testInvalidLogin" time="12.625" classname="Script.InvalidLogin"/>
</testsuite> <!-- Script.InvalidLogin -->
